<?xml version="1.0" encoding="UTF-8"?>
<!-- Generated by org.testng.reporters.JUnitXMLReporter -->
<testsuite ignored="0" hostname="LAPTOP-UPRJBTHG" failures="0" tests="2" name="Suite2" time="6.066" errors="0" timestamp="2023-01-17T14:46:49 IST">
  <testcase classname="com.scm.GenericUtilities.SCMRetailerBaseClass" name="@BeforeClass launchbrowser" time="6.012">
    <failure type="org.openqa.selenium.WebDriverException" message="unknown error: net::ERR_CONNECTION_REFUSED
  (Session info: chrome=108.0.5359.126)
Build info: version: &amp;apos;3.141.59&amp;apos;, revision: &amp;apos;e82be7d358&amp;apos;, time: &amp;apos;2018-11-14T08:17:03&amp;apos;
System info: host: &amp;apos;LAPTOP-UPRJBTHG&amp;apos;, ip: &amp;apos;192.168.0.194&amp;apos;, os.name: &amp;apos;Windows 10&amp;apos;, os.arch: &amp;apos;amd64&amp;apos;, os.version: &amp;apos;10.0&amp;apos;, java.version: &amp;apos;11.0.2&amp;apos;
Driver info: org.openqa.selenium.chrome.ChromeDriver
Capabilities {acceptInsecureCerts: false, browserName: chrome, browserVersion: 108.0.5359.126, chrome: {chromedriverVersion: 108.0.5359.71 (1e0e3868ee06..., userDataDir: C:\Users\sj364\AppData\Loca...}, goog:chromeOptions: {debuggerAddress: localhost:59592}, javascriptEnabled: true, networkConnectionEnabled: false, pageLoadStrategy: normal, platform: WINDOWS, platformName: WINDOWS, proxy: Proxy(), setWindowRect: true, strictFileInteractability: false, timeouts: {implicit: 0, pageLoad: 300000, script: 30000}, unhandledPromptBehavior: dismiss and notify, webauthn:extension:credBlob: true, webauthn:extension:largeBlob: true, webauthn:virtualAuthenticators: true}
Session ID: 993f5ca4429624810a60484216178e26">
      <![CDATA[org.openqa.selenium.WebDriverException: unknown error: net::ERR_CONNECTION_REFUSED
  (Session info: chrome=108.0.5359.126)
Build info: version: '3.141.59', revision: 'e82be7d358', time: '2018-11-14T08:17:03'
System info: host: 'LAPTOP-UPRJBTHG', ip: '192.168.0.194', os.name: 'Windows 10', os.arch: 'amd64', os.version: '10.0', java.version: '11.0.2'
Driver info: org.openqa.selenium.chrome.ChromeDriver
Capabilities {acceptInsecureCerts: false, browserName: chrome, browserVersion: 108.0.5359.126, chrome: {chromedriverVersion: 108.0.5359.71 (1e0e3868ee06..., userDataDir: C:\Users\sj364\AppData\Loca...}, goog:chromeOptions: {debuggerAddress: localhost:59592}, javascriptEnabled: true, networkConnectionEnabled: false, pageLoadStrategy: normal, platform: WINDOWS, platformName: WINDOWS, proxy: Proxy(), setWindowRect: true, strictFileInteractability: false, timeouts: {implicit: 0, pageLoad: 300000, script: 30000}, unhandledPromptBehavior: dismiss and notify, webauthn:extension:credBlob: true, webauthn:extension:largeBlob: true, webauthn:virtualAuthenticators: true}
Session ID: 993f5ca4429624810a60484216178e26
at org.openqa.selenium.remote.http.W3CHttpResponseCodec.createException(W3CHttpResponseCodec.java:187)
at org.openqa.selenium.remote.http.W3CHttpResponseCodec.decode(W3CHttpResponseCodec.java:122)
at org.openqa.selenium.remote.http.W3CHttpResponseCodec.decode(W3CHttpResponseCodec.java:49)
at org.openqa.selenium.remote.HttpCommandExecutor.execute(HttpCommandExecutor.java:158)
at org.openqa.selenium.remote.service.DriverCommandExecutor.execute(DriverCommandExecutor.java:83)
at org.openqa.selenium.remote.RemoteWebDriver.execute(RemoteWebDriver.java:552)
at org.openqa.selenium.remote.RemoteWebDriver.get(RemoteWebDriver.java:277)
at com.scm.GenericUtilities.SCMRetailerBaseClass.launchbrowser(SCMRetailerBaseClass.java:51)
at java.base/java.util.ArrayList.forEach(ArrayList.java:1540)
... Removed 29 stack frames]]>
    </failure>
  </testcase> <!-- @BeforeClass launchbrowser -->
  <testcase classname="com.scm.GenericUtilities.SCMRetailerBaseClass" name="@BeforeMethod login" time="-1.673947009411E9">
    <skipped/>
  </testcase> <!-- @BeforeMethod login -->
  <testcase classname="com.scm.GenericUtilities.SCMRetailerBaseClass" name="@AfterMethod logout" time="-1.673947009425E9">
    <skipped/>
  </testcase> <!-- @AfterMethod logout -->
  <testcase classname="com.scm.GenericUtilities.SCMRetailerBaseClass" name="@BeforeMethod login" time="-1.673947009429E9">
    <skipped/>
  </testcase> <!-- @BeforeMethod login -->
  <testcase classname="com.scm.GenericUtilities.SCMRetailerBaseClass" name="@AfterMethod logout" time="-1.673947009442E9">
    <skipped/>
  </testcase> <!-- @AfterMethod logout -->
  <testcase classname="com.scm.GenericUtilities.SCMRetailerBaseClass" name="@AfterClass closebrowser" time="-1.673947009445E9">
    <skipped/>
  </testcase> <!-- @AfterClass closebrowser -->
  <testcase classname="AdminTestscript.ExecuteAdminTestusingBaseClass" name="executeAdmin" time="0.0">
    <skipped/>
  </testcase> <!-- executeAdmin -->
  <testcase classname="AdminTestscript.ExecuteAdminTestusingBaseClass" name="sample" time="0.0">
    <skipped/>
  </testcase> <!-- sample -->
</testsuite> <!-- Suite2 -->
